<?xml version="1.0" encoding="UTF-8"?>
<!-- Generated by org.testng.reporters.JUnitReportReporter -->
<testsuite hostname="LAPTOP-0REHHPBQ" failures="1" tests="10" name="runner_RerunFailedScenarios.TestRunner" time="185.080" errors="2" timestamp="2023-01-24T15:13:01 IST" skipped="0">
  <testcase classname="runner_RerunFailedScenarios.TestRunner" name="runScenario" time="0.011">
    <error message="Input must be set" type="java.lang.IllegalArgumentException">
      <![CDATA[java.lang.IllegalArgumentException: Input must be set
at org.openqa.selenium.internal.Require.nonNull(Require.java:59)
at org.openqa.selenium.support.ui.FluentWait.<init>(FluentWait.java:97)
at org.openqa.selenium.support.ui.WebDriverWait.<init>(WebDriverWait.java:128)
at org.openqa.selenium.support.ui.WebDriverWait.<init>(WebDriverWait.java:61)
at utility.SeleniumUtility.typeInput(SeleniumUtility.java:98)
at com.SwagLab.pages.SwagLabLoginPage.enterUserNameAndPassword(SwagLabLoginPage.java:28)
at stepDefinition.SwagLabLogin.user_enter_username_and_password_using_datatable_data(SwagLabLogin.java:64)
at ✽.user enter username and password using datatable data(file:///C:/Users/HP/eclipse-workspace/SeleniumBDDProject/src/test/resources/features/SwagLabLogin.feature:17)
]]>
    </error>
  </testcase> <!-- runScenario -->
  <system-out/>
  <testcase classname="runner_RerunFailedScenarios.TestRunner" name="runScenario" time="0.037">
    <error message="Input must be set" type="java.lang.IllegalArgumentException">
      <![CDATA[java.lang.IllegalArgumentException: Input must be set
at org.openqa.selenium.internal.Require.nonNull(Require.java:59)
at org.openqa.selenium.support.ui.FluentWait.<init>(FluentWait.java:97)
at org.openqa.selenium.support.ui.WebDriverWait.<init>(WebDriverWait.java:128)
at org.openqa.selenium.support.ui.WebDriverWait.<init>(WebDriverWait.java:61)
at utility.SeleniumUtility.typeInput(SeleniumUtility.java:98)
at com.SwagLab.pages.SwagLabLoginPage.enterUserNameAndPassword(SwagLabLoginPage.java:28)
at stepDefinition.SwagLabLogin.user_enter_username_and_password(SwagLabLogin.java:46)
at ✽.user enter username and password(file:///C:/Users/HP/eclipse-workspace/SeleniumBDDProject/src/test/resources/features/SwagLabLogin.feature:10)
]]>
    </error>
  </testcase> <!-- runScenario -->
  <system-out/>
  <testcase classname="runner_RerunFailedScenarios.TestRunner" name="runScenario" time="16.491">
    <failure message="expected [true] but found [false]" type="java.lang.AssertionError">
      <![CDATA[java.lang.AssertionError: expected [true] but found [false]
at org.testng.Assert.fail(Assert.java:97)
at org.testng.Assert.failNotEquals(Assert.java:969)
at org.testng.Assert.assertTrue(Assert.java:43)
at org.testng.Assert.assertTrue(Assert.java:53)
at stepDefinition.ActitimeLogin.user_click_on_login_button(ActitimeLogin.java:31)
at ✽.User click on login button(file:///C:/Users/HP/eclipse-workspace/SeleniumBDDProject/src/test/resources/features/actitimeLogin.feature:9)
]]>
    </failure>
  </testcase> <!-- runScenario -->
  <system-out/>
  <testcase classname="runner_RerunFailedScenarios.TestRunner" name="runScenario" time="35.909"/>
  <system-out/>
  <testcase classname="runner_RerunFailedScenarios.TestRunner" name="runScenario" time="38.537"/>
  <system-out/>
  <testcase classname="runner_RerunFailedScenarios.TestRunner" name="runScenario" time="0.022"/>
  <system-out/>
  <testcase classname="runner_RerunFailedScenarios.TestRunner" name="runScenario" time="0.208"/>
  <system-out/>
  <testcase classname="runner_RerunFailedScenarios.TestRunner" name="runScenario" time="0.013"/>
  <system-out/>
  <testcase classname="runner_RerunFailedScenarios.TestRunner" name="runScenario" time="51.146"/>
  <system-out/>
  <testcase classname="runner_RerunFailedScenarios.TestRunner" name="runScenario" time="42.706"/>
  <system-out/>
</testsuite> <!-- runner_RerunFailedScenarios.TestRunner -->
